<?xml version="1.0" encoding="UTF-8"?>
<testsuite name="testX5.X5GroupTest" tests="7" skipped="0" failures="0" errors="0" timestamp="2023-03-11T21:20:52" hostname="LAPTOP-57D3LCEV" time="25.762">
  <properties/>
  <testcase name="FeedBackEmployee()" classname="testX5.X5GroupTest" time="8.821"/>
  <testcase name="[1] Компания, [История компании&#10;География&#10;Деловая этика&#10;Стратегия устойчивого развития, , , ]" classname="testX5.X5GroupTest" time="2.833"/>
  <testcase name="[2] Партнерам, [, Добросовестное партнёрство&#10;Поставщикам&#10;Сервисы для поставщиков&#10;Маркетинговые возможности&#10;Стать франчайзи&#10;X5 Transport&#10;Операции с недвижимостью&#10;X5 Import&#10;X5 Ready Food&#10;Закупки для собственных нужд X5 Group, , ]" classname="testX5.X5GroupTest" time="0.795"/>
  <testcase name="[3] Инвесторам, [, , Отчёты и результаты&#10;Акции&#10;Долговые инструменты&#10;Корпоративное управление&#10;Кредитные рейтинги&#10;Частным инвесторам&#10;Календарь инвестора&#10;ESG, ]" classname="testX5.X5GroupTest" time="0.847"/>
  <testcase name="[4] Пресс, [, , , Пресс-релизы&#10;Интервью&#10;Индекс «Пятёрочки»&#10;Фотобанк&#10;Фирменный стиль X5 Group&#10;Контакты для прессы]" classname="testX5.X5GroupTest" time="0.73"/>
  <testcase name="mainPageTest()" classname="testX5.X5GroupTest" time="5.612"/>
  <testcase name="headerSearchTest()" classname="testX5.X5GroupTest" time="6.068"/>
  <system-out><![CDATA[]]></system-out>
  <system-err><![CDATA[[Test worker] INFO com.codeborne.selenide.impl.WebDriverThreadLocalContainer - No webdriver is bound to current thread: 1 - let's create a new webdriver
[Test worker] INFO com.codeborne.selenide.impl.FileHelper - Creating folder: C:\Users\nfsmw\IdeaProjects\TestX5Group\build\downloads\1678569653030_74064_1
[Test worker] INFO io.github.bonigarcia.wdm.WebDriverManager - Using chromedriver 111.0.5563.64 (resolved driver for Chrome 111)
[Test worker] INFO io.github.bonigarcia.wdm.WebDriverManager - Exporting webdriver.chrome.driver as C:\Users\nfsmw\.cache\selenium\chromedriver\win32\111.0.5563.64\chromedriver.exe
[Test worker] INFO com.codeborne.selenide.webdriver.SelenideNettyClientFactory - Changed readTimeout from PT3M to PT1M30S
Starting ChromeDriver 111.0.5563.64 (c710e93d5b63b7095afe8c2c17df34408078439d-refs/branch-heads/5563@{#995}) on port 30973
Only local connections are allowed.
Please see https://chromedriver.chromium.org/security-considerations for suggestions on keeping ChromeDriver safe.
ChromeDriver was started successfully.
[Test worker] INFO com.codeborne.selenide.webdriver.SelenideNettyClientFactory - Changed readTimeout from PT3M to PT1M30S
[Test worker] INFO com.codeborne.selenide.webdriver.SelenideNettyClientFactory - Changed readTimeout from PT3M to PT1M30S
мар. 12, 2023 12:20:55 AM org.openqa.selenium.devtools.CdpVersionFinder findNearestMatch
WARNING: Unable to find an exact match for CDP version 111, so returning the closest version found: 110
[Test worker] INFO com.codeborne.selenide.webdriver.WebDriverFactory - BrowserName=chrome Version=111.0.5563.64 Platform=WINDOWS
[Test worker] INFO com.codeborne.selenide.webdriver.WebDriverFactory - Selenide v. 6.12.2
[Test worker] INFO com.codeborne.selenide.webdriver.WebDriverFactory - Selenium WebDriver v. 4.8.1 build revision: 8ebccac989
[Test worker] INFO com.codeborne.selenide.drivercommands.CreateDriverCommand - Created webdriver in thread 1: ChromeDriver -> ChromeDriver: chrome on WINDOWS (ff818a3a8bb1d561e539adea1686ddca)
[Test worker] INFO com.codeborne.selenide.drivercommands.DisposablesRegistry - Register WebDriverInstance[config=StaticConfig,webDriver=ChromeDriver: chrome on WINDOWS (ff818a3a8bb1d561e539adea1686ddca),proxy=null,downloadsFolder=C:\Users\nfsmw\IdeaProjects\TestX5Group\build\downloads\1678569653030_74064_1] in 1 [size=1]
[Test worker] INFO com.codeborne.selenide.drivercommands.DisposablesRegistry - Add shutdown hook in 1 [size=1]
[Test worker] INFO com.codeborne.selenide.impl.WebDriverThreadLocalContainer - Webdriver has been closed meanwhile. Let's re-create it.
[Test worker] INFO com.codeborne.selenide.impl.FileHelper - Deleted empty folder: C:\Users\nfsmw\IdeaProjects\TestX5Group\build\downloads\1678569653030_74064_1
[Test worker] INFO com.codeborne.selenide.drivercommands.CloseDriverCommand - Close webdriver: 1 -> ChromeDriver: chrome on WINDOWS (ff818a3a8bb1d561e539adea1686ddca)...
[Test worker] INFO com.codeborne.selenide.drivercommands.CloseDriverCommand - Closed webdriver 1 in 188 ms
[Test worker] INFO com.codeborne.selenide.drivercommands.DisposablesRegistry - Unregister WebDriverInstance[config=StaticConfig,webDriver=ChromeDriver: chrome on WINDOWS (null),proxy=null,downloadsFolder=C:\Users\nfsmw\IdeaProjects\TestX5Group\build\downloads\1678569653030_74064_1] in 1 [size=0]
[Test worker] INFO com.codeborne.selenide.impl.FileHelper - Creating folder: C:\Users\nfsmw\IdeaProjects\TestX5Group\build\downloads\1678569662042_74064_1
[Test worker] INFO com.codeborne.selenide.webdriver.SelenideNettyClientFactory - Changed readTimeout from PT3M to PT1M30S
Starting ChromeDriver 111.0.5563.64 (c710e93d5b63b7095afe8c2c17df34408078439d-refs/branch-heads/5563@{#995}) on port 19334
Only local connections are allowed.
Please see https://chromedriver.chromium.org/security-considerations for suggestions on keeping ChromeDriver safe.
ChromeDriver was started successfully.
[Test worker] INFO com.codeborne.selenide.webdriver.SelenideNettyClientFactory - Changed readTimeout from PT3M to PT1M30S
[Test worker] INFO com.codeborne.selenide.webdriver.SelenideNettyClientFactory - Changed readTimeout from PT3M to PT1M30S
мар. 12, 2023 12:21:03 AM org.openqa.selenium.devtools.CdpVersionFinder findNearestMatch
WARNING: Unable to find an exact match for CDP version 111, so returning the closest version found: 110
[Test worker] INFO com.codeborne.selenide.webdriver.WebDriverFactory - BrowserName=chrome Version=111.0.5563.64 Platform=WINDOWS
[Test worker] INFO com.codeborne.selenide.webdriver.WebDriverFactory - Selenide v. 6.12.2
[Test worker] INFO com.codeborne.selenide.webdriver.WebDriverFactory - Selenium WebDriver v. 4.8.1 build revision: 8ebccac989
[Test worker] INFO com.codeborne.selenide.drivercommands.CreateDriverCommand - Created webdriver in thread 1: ChromeDriver -> ChromeDriver: chrome on WINDOWS (debbfeccff262cd270a93af93d18429e)
[Test worker] INFO com.codeborne.selenide.drivercommands.DisposablesRegistry - Register WebDriverInstance[config=StaticConfig,webDriver=ChromeDriver: chrome on WINDOWS (debbfeccff262cd270a93af93d18429e),proxy=null,downloadsFolder=C:\Users\nfsmw\IdeaProjects\TestX5Group\build\downloads\1678569662042_74064_1] in 1 [size=1]
[Test worker] INFO com.codeborne.selenide.impl.WebDriverThreadLocalContainer - Webdriver has been closed meanwhile. Let's re-create it.
[Test worker] INFO com.codeborne.selenide.impl.FileHelper - Deleted empty folder: C:\Users\nfsmw\IdeaProjects\TestX5Group\build\downloads\1678569662042_74064_1
[Test worker] INFO com.codeborne.selenide.drivercommands.CloseDriverCommand - Close webdriver: 1 -> ChromeDriver: chrome on WINDOWS (debbfeccff262cd270a93af93d18429e)...
[Test worker] INFO com.codeborne.selenide.drivercommands.CloseDriverCommand - Closed webdriver 1 in 173 ms
[Test worker] INFO com.codeborne.selenide.drivercommands.DisposablesRegistry - Unregister WebDriverInstance[config=StaticConfig,webDriver=ChromeDriver: chrome on WINDOWS (null),proxy=null,downloadsFolder=C:\Users\nfsmw\IdeaProjects\TestX5Group\build\downloads\1678569662042_74064_1] in 1 [size=0]
[Test worker] INFO com.codeborne.selenide.impl.FileHelper - Creating folder: C:\Users\nfsmw\IdeaProjects\TestX5Group\build\downloads\1678569672847_74064_1
[Test worker] INFO com.codeborne.selenide.webdriver.SelenideNettyClientFactory - Changed readTimeout from PT3M to PT1M30S
Starting ChromeDriver 111.0.5563.64 (c710e93d5b63b7095afe8c2c17df34408078439d-refs/branch-heads/5563@{#995}) on port 23609
Only local connections are allowed.
Please see https://chromedriver.chromium.org/security-considerations for suggestions on keeping ChromeDriver safe.
ChromeDriver was started successfully.
[Test worker] INFO com.codeborne.selenide.webdriver.SelenideNettyClientFactory - Changed readTimeout from PT3M to PT1M30S
[Test worker] INFO com.codeborne.selenide.webdriver.SelenideNettyClientFactory - Changed readTimeout from PT3M to PT1M30S
мар. 12, 2023 12:21:13 AM org.openqa.selenium.devtools.CdpVersionFinder findNearestMatch
WARNING: Unable to find an exact match for CDP version 111, so returning the closest version found: 110
[Test worker] INFO com.codeborne.selenide.webdriver.WebDriverFactory - BrowserName=chrome Version=111.0.5563.64 Platform=WINDOWS
[Test worker] INFO com.codeborne.selenide.webdriver.WebDriverFactory - Selenide v. 6.12.2
[Test worker] INFO com.codeborne.selenide.webdriver.WebDriverFactory - Selenium WebDriver v. 4.8.1 build revision: 8ebccac989
[Test worker] INFO com.codeborne.selenide.drivercommands.CreateDriverCommand - Created webdriver in thread 1: ChromeDriver -> ChromeDriver: chrome on WINDOWS (e86ffd297356ebef2e632b8b22ad16c8)
[Test worker] INFO com.codeborne.selenide.drivercommands.DisposablesRegistry - Register WebDriverInstance[config=StaticConfig,webDriver=ChromeDriver: chrome on WINDOWS (e86ffd297356ebef2e632b8b22ad16c8),proxy=null,downloadsFolder=C:\Users\nfsmw\IdeaProjects\TestX5Group\build\downloads\1678569672847_74064_1] in 1 [size=1]
]]></system-err>
</testsuite>
