<?xml version="1.0" encoding="UTF-8"?>
<testsuite name="testX5.X5GroupTest" tests="1" skipped="0" failures="0" errors="0" timestamp="2023-03-12T22:15:56" hostname="LAPTOP-57D3LCEV" time="18.719">
  <properties/>
  <testcase name="FeedBackEmployee()" classname="testX5.X5GroupTest" time="18.719"/>
  <system-out><![CDATA[]]></system-out>
  <system-err><![CDATA[[Test worker] INFO com.codeborne.selenide.impl.WebDriverThreadLocalContainer - No webdriver is bound to current thread: 1 - let's create a new webdriver
[Test worker] INFO com.codeborne.selenide.webdriver.WebDriverFactory - BrowserName=chrome Version=100.0.4896.60 Platform=LINUX
[Test worker] INFO com.codeborne.selenide.webdriver.WebDriverFactory - Selenide v. 6.12.2
[Test worker] INFO com.codeborne.selenide.webdriver.WebDriverFactory - Selenium WebDriver v. 4.8.1 build revision: 8ebccac989
[Test worker] INFO com.codeborne.selenide.drivercommands.CreateDriverCommand - Created webdriver in thread 1: RemoteWebDriver -> RemoteWebDriver: chrome on LINUX (7c87cfa53a2f9a8a27f886eafb1d402e)
[Test worker] INFO com.codeborne.selenide.drivercommands.DisposablesRegistry - Register WebDriverInstance[config=StaticConfig,webDriver=RemoteWebDriver: chrome on LINUX (7c87cfa53a2f9a8a27f886eafb1d402e),proxy=null,downloadsFolder=null] in 1 [size=1]
[Test worker] INFO com.codeborne.selenide.drivercommands.DisposablesRegistry - Add shutdown hook in 1 [size=1]
]]></system-err>
</testsuite>
