<?xml version="1.0" encoding="UTF-8"?>
<testsuite name="testX5.X5GroupTest" tests="1" skipped="0" failures="0" errors="0" timestamp="2023-03-08T10:57:20" hostname="LAPTOP-57D3LCEV" time="6.637">
  <properties/>
  <testcase name="headerSearchTest()" classname="testX5.X5GroupTest" time="6.637"/>
  <system-out><![CDATA[]]></system-out>
  <system-err><![CDATA[[Test worker] INFO com.codeborne.selenide.impl.WebDriverThreadLocalContainer - No webdriver is bound to current thread: 1 - let's create a new webdriver
[Test worker] INFO com.codeborne.selenide.impl.FileHelper - Creating folder: C:\Users\nfsmw\IdeaProjects\TestX5Group\build\downloads\1678273040919_50884_1
[Test worker] INFO io.github.bonigarcia.wdm.WebDriverManager - Using chromedriver 110.0.5481.77 (resolved driver for Chrome 110)
[Test worker] INFO io.github.bonigarcia.wdm.WebDriverManager - Exporting webdriver.chrome.driver as C:\Users\nfsmw\.cache\selenium\chromedriver\win32\110.0.5481.77\chromedriver.exe
Starting ChromeDriver 110.0.5481.77 (65ed616c6e8ee3fe0ad64fe83796c020644d42af-refs/branch-heads/5481@{#839}) on port 61641
Only local connections are allowed.
Please see https://chromedriver.chromium.org/security-considerations for suggestions on keeping ChromeDriver safe.
ChromeDriver was started successfully.
[1678273043.160][WARNING]: virtual void DevToolsClientImpl::AddListener(DevToolsEventListener *) subscribing a listener to the already connected DevToolsClient. Connection notification will not arrive.
мар. 08, 2023 1:57:23 PM org.openqa.selenium.remote.ProtocolHandshake createSession
INFO: Detected dialect: W3C
мар. 08, 2023 1:57:23 PM org.openqa.selenium.devtools.CdpVersionFinder findNearestMatch
WARNING: Unable to find an exact match for CDP version 110, so returning the closest version found: a no-op implementation
мар. 08, 2023 1:57:23 PM org.openqa.selenium.devtools.CdpVersionFinder findNearestMatch
INFO: Unable to find CDP implementation matching 110.
мар. 08, 2023 1:57:23 PM org.openqa.selenium.chromium.ChromiumDriver lambda$new$3
WARNING: Unable to find version of CDP to use for . You may need to include a dependency on a specific version of the CDP using something similar to `org.seleniumhq.selenium:selenium-devtools-v86:4.1.2` where the version ("v86") matches the version of the chromium-based browser you're using and the version number of the artifact is the same as Selenium's.
[Test worker] INFO com.codeborne.selenide.webdriver.HttpClientTimeouts - Changed connectTimeout from PT10S to PT10S
[Test worker] INFO com.codeborne.selenide.webdriver.HttpClientTimeouts - Changed readTimeout from PT1M30S to PT1M30S
[Test worker] INFO com.codeborne.selenide.webdriver.BrowserResizer - Set browser size to 1366x768
[Test worker] INFO com.codeborne.selenide.webdriver.WebDriverFactory - BrowserName=chrome Version=110.0.5481.178 Platform=WINDOWS
[Test worker] INFO com.codeborne.selenide.webdriver.WebDriverFactory - Selenide v. 6.3.5
[Test worker] INFO com.codeborne.selenide.webdriver.WebDriverFactory - Selenium WebDriver v. 4.1.2 build revision: 9a5a329c5a
[Test worker] INFO com.codeborne.selenide.drivercommands.CreateDriverCommand - Created webdriver in thread 1: ChromeDriver -> ChromeDriver: chrome on WINDOWS (36baf30990c9b6d0d8232a9a270c0315)
[Test worker] INFO com.codeborne.selenide.impl.WebDriverThreadLocalContainer - Browser and proxy will stay open due to holdBrowserOpen=true: 1 -> ChromeDriver: chrome on WINDOWS (36baf30990c9b6d0d8232a9a270c0315), null
]]></system-err>
</testsuite>
