<?xml version="1.0" encoding="UTF-8"?>
<testsuite name="testX5.X5GroupTest" tests="1" skipped="0" failures="0" errors="0" timestamp="2023-07-30T11:20:24" hostname="LAPTOP-57D3LCEV" time="26.111">
  <properties/>
  <testcase name="Проверка разделов" classname="testX5.X5GroupTest" time="26.111"/>
  <system-out><![CDATA[]]></system-out>
  <system-err><![CDATA[[Test worker] INFO com.codeborne.selenide.impl.WebDriverThreadLocalContainer - No webdriver is bound to current thread: 1 - let's create a new webdriver
[Test worker] INFO com.codeborne.selenide.webdriver.WebDriverFactory - BrowserName=chrome Version=100.0.4896.60 Platform=linux
[Test worker] INFO com.codeborne.selenide.webdriver.WebDriverFactory - Selenide v. 6.16.0
[Test worker] INFO com.codeborne.selenide.webdriver.WebDriverFactory - Selenium WebDriver v. 4.10.0 build revision: c14d967899
[Test worker] INFO com.codeborne.selenide.drivercommands.CreateDriverCommand - Created webdriver in thread 1: RemoteWebDriver -> RemoteWebDriver: chrome on linux (d041641f01b0796bc9084f7f1873edc6)
[Test worker] INFO com.codeborne.selenide.drivercommands.DisposablesRegistry - Register WebDriverInstance[config=StaticConfig,webDriver=RemoteWebDriver: chrome on linux (d041641f01b0796bc9084f7f1873edc6),proxy=null,downloadsFolder=null] in 1 [size=1]
[Test worker] INFO com.codeborne.selenide.drivercommands.DisposablesRegistry - Add shutdown hook in 1 [size=1]
[Test worker] INFO com.codeborne.selenide.drivercommands.CloseDriverCommand - Close webdriver: 1 -> RemoteWebDriver: chrome on linux (d041641f01b0796bc9084f7f1873edc6)...
[Test worker] INFO com.codeborne.selenide.drivercommands.CloseDriverCommand - Closed webdriver 1 in 103 ms
[Test worker] INFO com.codeborne.selenide.drivercommands.DisposablesRegistry - Unregister WebDriverInstance[config=StaticConfig,webDriver=RemoteWebDriver: chrome on linux (null),proxy=null,downloadsFolder=null] in 1 [size=0]
]]></system-err>
</testsuite>
