<?xml version="1.0" encoding="UTF-8"?>
<testsuite name="testX5.X5GroupTest" tests="4" skipped="0" failures="0" errors="0" timestamp="2023-03-09T23:14:24" hostname="LAPTOP-57D3LCEV" time="7.128">
  <properties/>
  <testcase name="[1] Компания, [История компании&#10;География&#10;Деловая этика&#10;Стратегия устойчивого развития, , , ]" classname="testX5.X5GroupTest" time="4.629"/>
  <testcase name="[2] Партнерам, [, Добросовестное партнёрство&#10;Поставщикам&#10;Сервисы для поставщиков&#10;Маркетинговые возможности&#10;Стать франчайзи&#10;X5 Transport&#10;Операции с недвижимостью&#10;X5 Import&#10;X5 Ready Food&#10;Закупки для собственных нужд X5 Group, , ]" classname="testX5.X5GroupTest" time="0.867"/>
  <testcase name="[3] Инвесторам, [, , Отчёты и результаты&#10;Акции&#10;Долговые инструменты&#10;Корпоративное управление&#10;Кредитные рейтинги&#10;Частным инвесторам&#10;Календарь инвестора&#10;ESG, ]" classname="testX5.X5GroupTest" time="0.853"/>
  <testcase name="[4] Пресс, [, , , Пресс-релизы&#10;Интервью&#10;Индекс «Пятёрочки»&#10;Фотобанк&#10;Фирменный стиль X5 Group&#10;Контакты для прессы]" classname="testX5.X5GroupTest" time="0.769"/>
  <system-out><![CDATA[]]></system-out>
  <system-err><![CDATA[[Test worker] INFO com.codeborne.selenide.impl.WebDriverThreadLocalContainer - No webdriver is bound to current thread: 1 - let's create a new webdriver
[Test worker] INFO com.codeborne.selenide.impl.FileHelper - Creating folder: C:\Users\nfsmw\IdeaProjects\TestX5Group\build\downloads\1678403664311_42052_1
[Test worker] INFO io.github.bonigarcia.wdm.WebDriverManager - Using chromedriver 110.0.5481.77 (resolved driver for Chrome 110)
[Test worker] INFO io.github.bonigarcia.wdm.WebDriverManager - Exporting webdriver.chrome.driver as C:\Users\nfsmw\.cache\selenium\chromedriver\win32\110.0.5481.77\chromedriver.exe
Starting ChromeDriver 110.0.5481.77 (65ed616c6e8ee3fe0ad64fe83796c020644d42af-refs/branch-heads/5481@{#839}) on port 55263
Only local connections are allowed.
Please see https://chromedriver.chromium.org/security-considerations for suggestions on keeping ChromeDriver safe.
ChromeDriver was started successfully.
[1678403666.934][WARNING]: virtual void DevToolsClientImpl::AddListener(DevToolsEventListener *) subscribing a listener to the already connected DevToolsClient. Connection notification will not arrive.
мар. 10, 2023 2:14:27 AM org.openqa.selenium.remote.ProtocolHandshake createSession
INFO: Detected dialect: W3C
мар. 10, 2023 2:14:27 AM org.openqa.selenium.devtools.CdpVersionFinder findNearestMatch
WARNING: Unable to find an exact match for CDP version 110, so returning the closest version found: a no-op implementation
мар. 10, 2023 2:14:27 AM org.openqa.selenium.devtools.CdpVersionFinder findNearestMatch
INFO: Unable to find CDP implementation matching 110.
мар. 10, 2023 2:14:27 AM org.openqa.selenium.chromium.ChromiumDriver lambda$new$3
WARNING: Unable to find version of CDP to use for . You may need to include a dependency on a specific version of the CDP using something similar to `org.seleniumhq.selenium:selenium-devtools-v86:4.1.2` where the version ("v86") matches the version of the chromium-based browser you're using and the version number of the artifact is the same as Selenium's.
[Test worker] INFO com.codeborne.selenide.webdriver.HttpClientTimeouts - Changed connectTimeout from PT10S to PT10S
[Test worker] INFO com.codeborne.selenide.webdriver.HttpClientTimeouts - Changed readTimeout from PT1M30S to PT1M30S
[Test worker] INFO com.codeborne.selenide.webdriver.BrowserResizer - Set browser size to 1520x880
[Test worker] INFO com.codeborne.selenide.webdriver.WebDriverFactory - BrowserName=chrome Version=110.0.5481.178 Platform=WINDOWS
[Test worker] INFO com.codeborne.selenide.webdriver.WebDriverFactory - Selenide v. 6.3.5
[Test worker] INFO com.codeborne.selenide.webdriver.WebDriverFactory - Selenium WebDriver v. 4.1.2 build revision: 9a5a329c5a
[Test worker] INFO com.codeborne.selenide.drivercommands.CreateDriverCommand - Created webdriver in thread 1: ChromeDriver -> ChromeDriver: chrome on WINDOWS (14a7008c3317a16252c185b27d0fa709)
]]></system-err>
</testsuite>
